<?xml version="1.0" encoding="UTF-8"?>
<testng-results skipped="0" failed="0" ignored="0" total="2" passed="2">
  <reporter-output>
  </reporter-output>
  <suite name="Surefire suite" duration-ms="158" started-at="2021-02-09T21:38:19Z" finished-at="2021-02-09T21:38:19Z">
    <groups>
    </groups>
    <test name="Surefire test" duration-ms="158" started-at="2021-02-09T21:38:19Z" finished-at="2021-02-09T21:38:19Z">
      <class name="JavaStreamsTest">
        <test-method status="PASS" signature="regular()[pri:0, instance:JavaStreamsTest@604ed9f0]" name="regular" duration-ms="10" started-at="2021-02-09T21:38:19Z" finished-at="2021-02-09T21:38:19Z">
          <reporter-output>
          </reporter-output>
        </test-method> <!-- regular -->
        <test-method status="PASS" signature="streams()[pri:0, instance:JavaStreamsTest@604ed9f0]" name="streams" duration-ms="104" started-at="2021-02-09T21:38:19Z" finished-at="2021-02-09T21:38:19Z">
          <reporter-output>
          </reporter-output>
        </test-method> <!-- streams -->
      </class> <!-- JavaStreamsTest -->
    </test> <!-- Surefire test -->
  </suite> <!-- Surefire suite -->
</testng-results>
