<?xml version="1.0" encoding="UTF-8"?>
<testsuite xmlns:xsi="http://www.w3.org/2001/XMLSchema-instance" xsi:noNamespaceSchemaLocation="https://maven.apache.org/surefire/maven-surefire-plugin/xsd/surefire-test-report-3.0.xsd" version="3.0" name="TestSuite" time="0.667" tests="2" errors="0" skipped="0" failures="0">
  <properties>
[...]
</properties>
  <testcase name="regular" classname="JavaStreamsTest" time="0.011">
    <system-out><![CDATA[3
]]></system-out>
  </testcase>
  <testcase name="streams" classname="JavaStreamsTest" time="0.102">
    <system-out><![CDATA[3
]]></system-out>
  </testcase>
</testsuite>